TN:
SF:C:\Users\SamuelPinheiro\Documents\practice\epic-mail\src\app.js
FN:33,(anonymous_0)
FNF:1
FNH:1
FNDA:1,(anonymous_0)
DA:9,1
DA:16,1
DA:17,1
DA:25,1
DA:26,1
DA:27,1
DA:30,1
DA:33,1
DA:34,1
LF:9
LH:9
BRDA:16,0,0,1
BRDA:16,0,1,1
BRF:2
BRH:2
end_of_record
TN:
SF:C:\Users\SamuelPinheiro\Documents\practice\epic-mail\src\api\V1\index.js
FNF:0
FNH:0
DA:5,1
DA:8,1
LF:2
LH:2
BRF:0
BRH:0
end_of_record
TN:
SF:C:\Users\SamuelPinheiro\Documents\practice\epic-mail\src\api\V1\user\index.js
FNF:0
FNH:0
LF:0
LH:0
BRF:0
BRH:0
end_of_record
TN:
SF:C:\Users\SamuelPinheiro\Documents\practice\epic-mail\src\api\V1\user\user.controller.js
FN:5,(anonymous_0)
FN:15,(anonymous_1)
FNF:2
FNH:2
FNDA:3,(anonymous_0)
FNDA:3,(anonymous_1)
DA:6,3
DA:8,3
DA:12,3
DA:15,2
DA:16,3
DA:17,1
DA:21,2
DA:23,1
DA:24,1
DA:25,1
DA:26,1
DA:27,1
DA:28,1
DA:31,1
DA:34,1
DA:39,1
DA:45,1
DA:54,1
DA:63,0
LF:19
LH:18
BRDA:12,0,0,2
BRDA:12,0,1,1
BRDA:12,1,0,3
BRDA:12,1,1,2
BRDA:12,1,2,2
BRDA:16,2,0,1
BRDA:16,2,1,2
BRDA:21,3,0,1
BRDA:21,3,1,1
BRF:9
BRH:9
end_of_record
TN:
SF:C:\Users\SamuelPinheiro\Documents\practice\epic-mail\src\api\V1\user\user.model.js
FNF:0
FNH:0
LF:0
LH:0
BRF:0
BRH:0
end_of_record
TN:
SF:C:\Users\SamuelPinheiro\Documents\practice\epic-mail\src\api\V1\user\user.router.js
FNF:0
FNH:0
DA:4,1
DA:5,1
LF:2
LH:2
BRF:0
BRH:0
end_of_record
TN:
SF:C:\Users\SamuelPinheiro\Documents\practice\epic-mail\src\api\V1\user\user.service.js
FN:2,(anonymous_0)
FNF:1
FNH:1
FNDA:1,(anonymous_0)
DA:2,1
LF:1
LH:1
BRF:0
BRH:0
end_of_record
TN:
SF:C:\Users\SamuelPinheiro\Documents\practice\epic-mail\src\test\test.js
FN:10,(anonymous_0)
FN:12,(anonymous_1)
FN:23,(anonymous_2)
FN:32,(anonymous_3)
FN:43,(anonymous_4)
FN:52,(anonymous_5)
FN:63,(anonymous_6)
FN:80,(anonymous_7)
FN:82,(anonymous_8)
FN:86,(anonymous_9)
FNF:10
FNH:10
FNDA:1,(anonymous_0)
FNDA:1,(anonymous_1)
FNDA:1,(anonymous_2)
FNDA:1,(anonymous_3)
FNDA:1,(anonymous_4)
FNDA:1,(anonymous_5)
FNDA:1,(anonymous_6)
FNDA:1,(anonymous_7)
FNDA:1,(anonymous_8)
FNDA:1,(anonymous_9)
DA:5,1
DA:6,1
DA:7,1
DA:10,1
DA:12,1
DA:14,1
DA:24,1
DA:25,1
DA:26,1
DA:27,1
DA:28,1
DA:32,1
DA:34,1
DA:44,1
DA:45,1
DA:46,1
DA:47,1
DA:48,1
DA:52,1
DA:54,1
DA:64,1
DA:65,1
DA:66,1
DA:67,1
DA:68,1
DA:80,1
DA:82,1
DA:84,1
DA:87,1
DA:88,1
DA:89,1
LF:31
LH:31
BRF:0
BRH:0
end_of_record
