TN:
SF:C:\Users\SamuelPinheiro\Documents\practice\epic-mail\src\app.js
FN:33,(anonymous_0)
FNF:1
FNH:1
FNDA:1,(anonymous_0)
DA:9,1
DA:16,1
DA:17,1
DA:25,1
DA:26,1
DA:27,1
DA:30,1
DA:33,1
DA:34,1
LF:9
LH:9
BRDA:16,0,0,1
BRDA:16,0,1,1
BRF:2
BRH:2
end_of_record
TN:
SF:C:\Users\SamuelPinheiro\Documents\practice\epic-mail\src\api\V1\index.js
FNF:0
FNH:0
DA:8,1
DA:11,1
DA:13,1
DA:14,1
DA:15,1
LF:5
LH:5
BRF:0
BRH:0
end_of_record
TN:
SF:C:\Users\SamuelPinheiro\Documents\practice\epic-mail\src\api\V1\inbox\inbox.controller.js
FN:5,(anonymous_0)
FN:10,(anonymous_1)
FNF:2
FNH:2
FNDA:1,(anonymous_0)
FNDA:5,(anonymous_1)
DA:7,1
DA:10,5
DA:13,1
DA:20,0
LF:4
LH:3
BRDA:7,0,0,1
BRDA:7,0,1,0
BRF:2
BRH:1
end_of_record
TN:
SF:C:\Users\SamuelPinheiro\Documents\practice\epic-mail\src\api\V1\inbox\inbox.router.js
FNF:0
FNH:0
DA:4,1
DA:5,1
LF:2
LH:2
BRF:0
BRH:0
end_of_record
TN:
SF:C:\Users\SamuelPinheiro\Documents\practice\epic-mail\src\api\V1\inbox\index.js
FNF:0
FNH:0
LF:0
LH:0
BRF:0
BRH:0
end_of_record
TN:
SF:C:\Users\SamuelPinheiro\Documents\practice\epic-mail\src\api\V1\messages\index.js
FNF:0
FNH:0
LF:0
LH:0
BRF:0
BRH:0
end_of_record
TN:
SF:C:\Users\SamuelPinheiro\Documents\practice\epic-mail\src\api\V1\messages\message.controller.js
FN:4,(anonymous_0)
FN:57,(anonymous_1)
FNF:2
FNH:2
FNDA:2,(anonymous_0)
FNDA:1,(anonymous_1)
DA:6,2
DA:8,2
DA:11,2
DA:14,2
DA:17,1
DA:18,1
DA:23,1
DA:24,1
DA:25,1
DA:26,1
DA:30,1
DA:33,1
DA:39,1
DA:48,0
DA:59,1
DA:61,1
DA:69,0
LF:17
LH:15
BRDA:14,0,0,1
BRDA:14,0,1,1
BRDA:14,1,0,2
BRDA:14,1,1,1
BRDA:14,1,2,1
BRF:5
BRH:5
end_of_record
TN:
SF:C:\Users\SamuelPinheiro\Documents\practice\epic-mail\src\api\V1\messages\message.model.js
FNF:0
FNH:0
LF:0
LH:0
BRF:0
BRH:0
end_of_record
TN:
SF:C:\Users\SamuelPinheiro\Documents\practice\epic-mail\src\api\V1\messages\message.router.js
FNF:0
FNH:0
DA:4,1
DA:5,1
DA:6,1
LF:3
LH:3
BRF:0
BRH:0
end_of_record
TN:
SF:C:\Users\SamuelPinheiro\Documents\practice\epic-mail\src\api\V1\sent\index.js
FNF:0
FNH:0
LF:0
LH:0
BRF:0
BRH:0
end_of_record
TN:
SF:C:\Users\SamuelPinheiro\Documents\practice\epic-mail\src\api\V1\sent\sent.controller.js
FN:5,(anonymous_0)
FN:10,(anonymous_1)
FNF:2
FNH:2
FNDA:1,(anonymous_0)
FNDA:5,(anonymous_1)
DA:7,1
DA:10,5
DA:13,1
DA:20,0
LF:4
LH:3
BRDA:7,0,0,1
BRDA:7,0,1,0
BRF:2
BRH:1
end_of_record
TN:
SF:C:\Users\SamuelPinheiro\Documents\practice\epic-mail\src\api\V1\sent\sent.router.js
FNF:0
FNH:0
DA:4,1
DA:5,1
LF:2
LH:2
BRF:0
BRH:0
end_of_record
TN:
SF:C:\Users\SamuelPinheiro\Documents\practice\epic-mail\src\api\V1\user\index.js
FNF:0
FNH:0
LF:0
LH:0
BRF:0
BRH:0
end_of_record
TN:
SF:C:\Users\SamuelPinheiro\Documents\practice\epic-mail\src\api\V1\user\user.controller.js
FN:5,(anonymous_0)
FN:15,(anonymous_1)
FN:71,(anonymous_2)
FN:83,(anonymous_3)
FNF:4
FNH:4
FNDA:3,(anonymous_0)
FNDA:3,(anonymous_1)
FNDA:3,(anonymous_2)
FNDA:4,(anonymous_3)
DA:6,3
DA:8,3
DA:12,3
DA:15,2
DA:16,3
DA:17,1
DA:21,2
DA:23,1
DA:24,1
DA:25,1
DA:26,1
DA:27,1
DA:28,1
DA:31,1
DA:34,1
DA:39,1
DA:45,1
DA:54,1
DA:63,0
DA:72,3
DA:77,3
DA:79,2
DA:80,2
DA:83,2
DA:84,4
DA:85,1
DA:89,2
DA:91,1
DA:95,1
DA:102,1
DA:112,1
DA:120,0
LF:32
LH:30
BRDA:12,0,0,2
BRDA:12,0,1,1
BRDA:12,1,0,3
BRDA:12,1,1,2
BRDA:12,1,2,2
BRDA:16,2,0,1
BRDA:16,2,1,2
BRDA:21,3,0,1
BRDA:21,3,1,1
BRDA:77,4,0,2
BRDA:77,4,1,1
BRDA:77,5,0,3
BRDA:77,5,1,2
BRDA:77,5,2,2
BRDA:84,6,0,1
BRDA:84,6,1,3
BRDA:84,7,0,4
BRDA:84,7,1,1
BRDA:89,8,0,1
BRDA:89,8,1,1
BRF:20
BRH:20
end_of_record
TN:
SF:C:\Users\SamuelPinheiro\Documents\practice\epic-mail\src\api\V1\user\user.model.js
FNF:0
FNH:0
LF:0
LH:0
BRF:0
BRH:0
end_of_record
TN:
SF:C:\Users\SamuelPinheiro\Documents\practice\epic-mail\src\api\V1\user\user.router.js
FNF:0
FNH:0
DA:4,1
DA:5,1
DA:6,1
LF:3
LH:3
BRF:0
BRH:0
end_of_record
TN:
SF:C:\Users\SamuelPinheiro\Documents\practice\epic-mail\src\api\V1\user\user.service.js
FN:2,(anonymous_0)
FNF:1
FNH:1
FNDA:2,(anonymous_0)
DA:2,2
LF:1
LH:1
BRF:0
BRH:0
end_of_record
TN:
SF:C:\Users\SamuelPinheiro\Documents\practice\epic-mail\src\test\test.js
FN:10,(anonymous_0)
FN:12,(anonymous_1)
FN:23,(anonymous_2)
FN:32,(anonymous_3)
FN:43,(anonymous_4)
FN:52,(anonymous_5)
FN:63,(anonymous_6)
FN:77,(anonymous_7)
FN:79,(anonymous_8)
FN:87,(anonymous_9)
FN:96,(anonymous_10)
FN:104,(anonymous_11)
FN:113,(anonymous_12)
FN:121,(anonymous_13)
FN:135,(anonymous_14)
FN:137,(anonymous_15)
FN:147,(anonymous_16)
FN:157,(anonymous_17)
FN:167,(anonymous_18)
FN:180,(anonymous_19)
FN:182,(anonymous_20)
FN:186,(anonymous_21)
FN:198,(anonymous_22)
FN:200,(anonymous_23)
FN:204,(anonymous_24)
FN:216,(anonymous_25)
FN:218,(anonymous_26)
FN:222,(anonymous_27)
FN:237,(anonymous_28)
FN:239,(anonymous_29)
FN:243,(anonymous_30)
FNF:31
FNH:31
FNDA:1,(anonymous_0)
FNDA:1,(anonymous_1)
FNDA:1,(anonymous_2)
FNDA:1,(anonymous_3)
FNDA:1,(anonymous_4)
FNDA:1,(anonymous_5)
FNDA:1,(anonymous_6)
FNDA:1,(anonymous_7)
FNDA:1,(anonymous_8)
FNDA:1,(anonymous_9)
FNDA:1,(anonymous_10)
FNDA:1,(anonymous_11)
FNDA:1,(anonymous_12)
FNDA:1,(anonymous_13)
FNDA:1,(anonymous_14)
FNDA:1,(anonymous_15)
FNDA:1,(anonymous_16)
FNDA:1,(anonymous_17)
FNDA:1,(anonymous_18)
FNDA:1,(anonymous_19)
FNDA:1,(anonymous_20)
FNDA:1,(anonymous_21)
FNDA:1,(anonymous_22)
FNDA:1,(anonymous_23)
FNDA:1,(anonymous_24)
FNDA:1,(anonymous_25)
FNDA:1,(anonymous_26)
FNDA:1,(anonymous_27)
FNDA:1,(anonymous_28)
FNDA:1,(anonymous_29)
FNDA:1,(anonymous_30)
DA:5,1
DA:6,1
DA:7,1
DA:10,1
DA:12,1
DA:14,1
DA:24,1
DA:25,1
DA:26,1
DA:27,1
DA:28,1
DA:32,1
DA:34,1
DA:44,1
DA:45,1
DA:46,1
DA:47,1
DA:48,1
DA:52,1
DA:54,1
DA:64,1
DA:65,1
DA:66,1
DA:67,1
DA:68,1
DA:77,1
DA:79,1
DA:81,1
DA:88,1
DA:89,1
DA:90,1
DA:91,1
DA:92,1
DA:96,1
DA:98,1
DA:105,1
DA:106,1
DA:107,1
DA:108,1
DA:109,1
DA:113,1
DA:115,1
DA:122,1
DA:123,1
DA:124,1
DA:125,1
DA:126,1
DA:135,1
DA:137,1
DA:139,1
DA:148,1
DA:149,1
DA:150,1
DA:151,1
DA:152,1
DA:157,1
DA:159,1
DA:168,1
DA:169,1
DA:170,1
DA:171,1
DA:172,1
DA:180,1
DA:182,1
DA:184,1
DA:187,1
DA:188,1
DA:189,1
DA:190,1
DA:191,1
DA:198,1
DA:200,1
DA:202,1
DA:205,1
DA:206,1
DA:207,1
DA:208,1
DA:209,1
DA:216,1
DA:218,1
DA:220,1
DA:223,1
DA:224,1
DA:225,1
DA:226,1
DA:227,1
DA:237,1
DA:239,1
DA:241,1
DA:244,1
DA:245,1
DA:246,1
LF:92
LH:92
BRF:0
BRH:0
end_of_record
